<?xml version="1.0" encoding="UTF-8"?>
<!-- Generated by org.testng.reporters.JUnitReportReporter -->
<testsuite skipped="0" hostname="PC-AnhPhung" name="testcases.TC_001" tests="1" failures="0" timestamp="25 Feb 2019 07:17:43 GMT" time="45.288" errors="0">
  <testcase name="testcase1" time="45.288" classname="testcases.TC_001"/>
</testsuite> <!-- testcases.TC_001 -->
